0 verbose cli /Users/andreibru/.nvm/versions/node/v22.18.0/bin/node /Users/andreibru/.nvm/versions/node/v22.18.0/lib/node_modules/npm/bin/npm-cli.js
1 info using npm@10.9.3
2 info using node@v22.18.0
3 silly config load:file:/Users/andreibru/.nvm/versions/node/v22.18.0/lib/node_modules/npm/npmrc
4 silly config load:file:/Users/andreibru/Work/Misc/md-mmd-pdf/.npmrc
5 silly config load:file:/Users/andreibru/.npmrc
6 silly config load:file:/Users/andreibru/.nvm/versions/node/v22.18.0/etc/npmrc
7 verbose title npm pack
8 verbose argv "pack" "--dry-run" "--cache" "/Users/andreibru/Work/Misc/md-mmd-pdf/.npm-cache"
9 verbose logfile logs-max:10 dir:/Users/andreibru/Work/Misc/md-mmd-pdf/.npm-cache/_logs/2026-02-26T15_33_24_783Z-
10 verbose logfile /Users/andreibru/Work/Misc/md-mmd-pdf/.npm-cache/_logs/2026-02-26T15_33_24_783Z-debug-0.log
11 silly logfile done cleaning log files
12 silly packumentCache heap:4345298944 maxSize:1086324736 maxEntrySize:543162368
13 verbose shrinkwrap failed to load node_modules/.package-lock.json missing from node_modules: node_modules/fsevents
14 notice
15 notice 📦  md-mmd-pdf@0.1.0
16 notice Tarball Contents
17 notice 1.1kB LICENSE
17 notice 2.4kB README.md
17 notice 981B package.json
17 notice 1.6kB src/cli.mjs
17 notice 3.5kB src/lib/args.mjs
17 notice 2.1kB src/lib/command-runner.mjs
17 notice 1.5kB src/lib/config-loader.mjs
17 notice 1.5kB src/lib/errors.mjs
17 notice 5.5kB src/lib/pipeline.mjs
18 notice Tarball Details
19 notice name: md-mmd-pdf
20 notice version: 0.1.0
21 notice filename: md-mmd-pdf-0.1.0.tgz
22 notice package size: 6.3 kB
23 notice unpacked size: 20.1 kB
24 notice shasum: 18c049b1f625209cd469b4a0ce44a9e0d90de1d0
25 notice integrity: sha512-B6/RsujUX9uVC[...]C83o+RfBuBI8Q==
26 notice total files: 9
27 notice
28 verbose cwd /Users/andreibru/Work/Misc/md-mmd-pdf
29 verbose os Darwin 25.2.0
30 verbose node v22.18.0
31 verbose npm  v10.9.3
32 verbose exit 0
33 info ok
