0 verbose cli /Users/andreibru/.nvm/versions/node/v22.18.0/bin/node /Users/andreibru/.nvm/versions/node/v22.18.0/lib/node_modules/npm/bin/npm-cli.js
1 info using npm@10.9.3
2 info using node@v22.18.0
3 silly config load:file:/Users/andreibru/.nvm/versions/node/v22.18.0/lib/node_modules/npm/npmrc
4 silly config load:file:/Users/andreibru/Work/Misc/md-mmd-pdf/.npmrc
5 silly config load:file:/Users/andreibru/.npmrc
6 silly config load:file:/Users/andreibru/.nvm/versions/node/v22.18.0/etc/npmrc
7 verbose title npm pack
8 verbose argv "pack" "--dry-run" "--cache" "/Users/andreibru/Work/Misc/md-mmd-pdf/.npm-cache"
9 verbose logfile logs-max:10 dir:/Users/andreibru/Work/Misc/md-mmd-pdf/.npm-cache/_logs/2026-02-26T15_16_25_300Z-
10 verbose logfile /Users/andreibru/Work/Misc/md-mmd-pdf/.npm-cache/_logs/2026-02-26T15_16_25_300Z-debug-0.log
11 silly logfile done cleaning log files
12 http fetch GET https://registry.npmjs.org/npm attempt 1 failed with ENOTFOUND
13 silly packumentCache heap:4345298944 maxSize:1086324736 maxEntrySize:543162368
14 verbose shrinkwrap failed to load node_modules/.package-lock.json missing from node_modules: node_modules/fsevents
15 notice
16 notice 📦  md-mmd-pdf@0.1.0
17 notice Tarball Contents
18 notice 1.1kB LICENSE
18 notice 2.4kB README.md
18 notice 981B package.json
18 notice 1.6kB src/cli.mjs
18 notice 3.5kB src/lib/args.mjs
18 notice 2.1kB src/lib/command-runner.mjs
18 notice 1.5kB src/lib/config-loader.mjs
18 notice 1.5kB src/lib/errors.mjs
18 notice 5.5kB src/lib/pipeline.mjs
19 notice Tarball Details
20 notice name: md-mmd-pdf
21 notice version: 0.1.0
22 notice filename: md-mmd-pdf-0.1.0.tgz
23 notice package size: 6.3 kB
24 notice unpacked size: 20.1 kB
25 notice shasum: bce08de9e6fca4c718de03b4855dbd2eebfb67e1
26 notice integrity: sha512-GIqm0gBJ5rNJt[...]qFIlx7ryX6pyg==
27 notice total files: 9
28 notice
29 verbose cwd /Users/andreibru/Work/Misc/md-mmd-pdf
30 verbose os Darwin 25.2.0
31 verbose node v22.18.0
32 verbose npm  v10.9.3
33 verbose exit 0
34 info ok
